Bad Request: /facts/Students1/
"GET /facts/Students1/ HTTP/1.1" 400 5529
"GET /static/rest_framework/css/bootstrap-tweaks.css HTTP/1.1" 304 0
"GET /static/rest_framework/css/prettify.css HTTP/1.1" 304 0
"GET /static/rest_framework/js/csrf.js HTTP/1.1" 304 0
"GET /static/rest_framework/css/default.css HTTP/1.1" 304 0
"GET /static/rest_framework/js/jquery-3.5.1.min.js HTTP/1.1" 304 0
"GET /static/rest_framework/js/bootstrap.min.js HTTP/1.1" 304 0
"GET /static/rest_framework/js/prettify-min.js HTTP/1.1" 304 0
"GET /static/rest_framework/js/default.js HTTP/1.1" 304 0
"GET /static/rest_framework/js/ajax-form.js HTTP/1.1" 304 0
"GET /static/rest_framework/css/bootstrap.min.css HTTP/1.1" 304 0
"GET /static/rest_framework/img/grid.png HTTP/1.1" 304 0
"GET /facts/Students/ HTTP/1.1" 200 5794
"GET /facts/Students/ HTTP/1.1" 200 5850
"GET /facts/Students/ HTTP/1.1" 200 5906
"GET /facts/Students/ HTTP/1.1" 200 5962
"GET /static/rest_framework/css/prettify.css HTTP/1.1" 200 817
"GET /static/rest_framework/css/bootstrap-tweaks.css HTTP/1.1" 200 3385
"GET /static/rest_framework/js/ajax-form.js HTTP/1.1" 200 3597
"GET /static/rest_framework/css/default.css HTTP/1.1" 200 1152
"GET /static/rest_framework/js/jquery-3.5.1.min.js HTTP/1.1" 200 89476
"GET /static/rest_framework/css/bootstrap.min.css HTTP/1.1" 200 121457
"GET /static/rest_framework/js/default.js HTTP/1.1" 200 1268
"GET /static/rest_framework/js/bootstrap.min.js HTTP/1.1" 200 39680
"GET /static/rest_framework/js/prettify-min.js HTTP/1.1" 200 13632
"GET /static/rest_framework/js/csrf.js HTTP/1.1" 200 1719
"GET /static/rest_framework/img/grid.png HTTP/1.1" 200 1458
Not Found: /favicon.ico
"GET /favicon.ico HTTP/1.1" 404 2294
Watching for file changes with StatReloader
"GET /facts/Students/ HTTP/1.1" 200 5543
Watching for file changes with StatReloader
"GET /facts/Students/ HTTP/1.1" 200 5599
Watching for file changes with StatReloader
"GET /facts/Students/ HTTP/1.1" 200 5599
/home/refael/Desktop/MetisInterview/MetisInterview/main/utils.py changed, reloading.
Watching for file changes with StatReloader
/home/refael/Desktop/MetisInterview/MetisInterview/main/utils.py changed, reloading.
Watching for file changes with StatReloader
"GET /facts/Students/ HTTP/1.1" 200 5543
"GET /facts/Students/ HTTP/1.1" 200 5543
/home/refael/Desktop/MetisInterview/MetisInterview/main/views.py changed, reloading.
Watching for file changes with StatReloader
/home/refael/Desktop/MetisInterview/MetisInterview/MetisInterview/settings.py changed, reloading.
